06.10.23 21:37 | start_polling
06.10.23 21:37 | _polling
06.10.23 21:37 | start_polling
06.10.23 21:37 | _polling
06.10.23 21:39 |aiogram.dispatcher|(dispatcher.py)|start_polling|Start polling
06.10.23 21:39 |aiogram.dispatcher|(dispatcher.py)|_polling|Run polling for bot @you_tube_dowinload_bot id=6441125092 - 'You Tube Bot'
06.10.23 21:39 |aiogram.dispatcher|(dispatcher.py)|start_polling|Polling stopped
06.10.23 21:39 |aiogram.dispatcher|(dispatcher.py)|_polling|Polling stopped for bot @you_tube_dowinload_bot id=6441125092 - 'You Tube Bot'
06.10.23 21:39|(dispatcher.py)|start_polling|Start polling
06.10.23 21:39|(dispatcher.py)|_polling|Run polling for bot @you_tube_dowinload_bot id=6441125092 - 'You Tube Bot'
06.10.23 21:39|(dispatcher.py)|feed_update|Update id=386115833 is handled. Duration 592 ms by bot id=6441125092
06.10.23 21:39|(dispatcher.py)|feed_update|Update id=386115834 is handled. Duration 266 ms by bot id=6441125092
06.10.23 21:39|(dispatcher.py)|start_polling|Polling stopped
06.10.23 21:39|(dispatcher.py)|_polling|Polling stopped for bot @you_tube_dowinload_bot id=6441125092 - 'You Tube Bot'
06.10.23 21:40 |aiogram.dispatcher|(dispatcher.py)|start_polling|Start polling
06.10.23 21:40 |aiogram.dispatcher|(dispatcher.py)|_polling|Run polling for bot @you_tube_dowinload_bot id=6441125092 - 'You Tube Bot'
06.10.23 21:40 |aiogram.dispatcher|(dispatcher.py)|start_polling|Polling stopped
06.10.23 21:40 |aiogram.dispatcher|(dispatcher.py)|_polling|Polling stopped for bot @you_tube_dowinload_bot id=6441125092 - 'You Tube Bot'
06.10.23 21:41 |aiogram.dispatcher|(dispatcher.py)|start_polling|(524 - Start polling)
06.10.23 21:41 |aiogram.dispatcher|(dispatcher.py)|_polling|(340 - Run polling for bot @you_tube_dowinload_bot id=6441125092 - 'You Tube Bot')
06.10.23 21:41 |aiogram.dispatcher|(dispatcher.py)|start_polling|(551 - Polling stopped)
06.10.23 21:41 |aiogram.dispatcher|(dispatcher.py)|_polling|(356 - Polling stopped for bot @you_tube_dowinload_bot id=6441125092 - 'You Tube Bot')
06.10.23 21:42 | aiogram.dispatcher | (dispatcher.py) | start_polling | (524 - Start polling)
06.10.23 21:42 | aiogram.dispatcher | (dispatcher.py) | _polling | (340 - Run polling for bot @you_tube_dowinload_bot id=6441125092 - 'You Tube Bot')
06.10.23 21:42 | aiogram.event | (dispatcher.py) | feed_update | (171 - Update id=386115835 is handled. Duration 592 ms by bot id=6441125092)
06.10.23 21:42 | aiogram.event | (dispatcher.py) | feed_update | (171 - Update id=386115836 is handled. Duration 625 ms by bot id=6441125092)
06.10.23 21:42 | aiogram.dispatcher | (dispatcher.py) | start_polling | (551 - Polling stopped)
06.10.23 21:42 | aiogram.dispatcher | (dispatcher.py) | _polling | (356 - Polling stopped for bot @you_tube_dowinload_bot id=6441125092 - 'You Tube Bot')
06.10.23 21:50:36| INFO  | aiogram.dispatcher | (dispatcher.py) | start_polling | (524 - Start polling)
06.10.23 21:50:36| INFO  | aiogram.dispatcher | (dispatcher.py) | _polling | (340 - Run polling for bot @you_tube_dowinload_bot id=6441125092 - 'You Tube Bot')
06.10.23 21:50:36| INFO  | aiogram.dispatcher | (dispatcher.py) | start_polling | (551 - Polling stopped)
06.10.23 21:50:36| INFO  | aiogram.dispatcher | (dispatcher.py) | _polling | (356 - Polling stopped for bot @you_tube_dowinload_bot id=6441125092 - 'You Tube Bot')
06.10.23 21:51:45| INFO  | aiogram.dispatcher | C:\Users\Lenovo\Desktop\Aiogram 3.0.0\.venvs\Lib\site-packages\aiogram\dispatcher\dispatcher.py | (dispatcher.py) | start_polling | (524 - Start polling)
06.10.23 21:51:45| INFO  | aiogram.dispatcher | C:\Users\Lenovo\Desktop\Aiogram 3.0.0\.venvs\Lib\site-packages\aiogram\dispatcher\dispatcher.py | (dispatcher.py) | _polling | (340 - Run polling for bot @you_tube_dowinload_bot id=6441125092 - 'You Tube Bot')
06.10.23 21:51:45| INFO  | aiogram.event | C:\Users\Lenovo\Desktop\Aiogram 3.0.0\.venvs\Lib\site-packages\aiogram\dispatcher\dispatcher.py | (dispatcher.py) | feed_update | (171 - Update id=386115837 is handled. Duration 610 ms by bot id=6441125092)
06.10.23 21:51:45| INFO  | aiogram.dispatcher | C:\Users\Lenovo\Desktop\Aiogram 3.0.0\.venvs\Lib\site-packages\aiogram\dispatcher\dispatcher.py | (dispatcher.py) | start_polling | (551 - Polling stopped)
06.10.23 21:51:45| INFO  | aiogram.dispatcher | C:\Users\Lenovo\Desktop\Aiogram 3.0.0\.venvs\Lib\site-packages\aiogram\dispatcher\dispatcher.py | (dispatcher.py) | _polling | (356 - Polling stopped for bot @you_tube_dowinload_bot id=6441125092 - 'You Tube Bot')
06.10.23 21:54:29| INFO  | 659 | aiogram.dispatcher | (dispatcher.py) | start_polling | dispatcher | (524 - Start polling)
06.10.23 21:54:29| INFO  | 192 | aiogram.dispatcher | (dispatcher.py) | _polling | dispatcher | (340 - Run polling for bot @you_tube_dowinload_bot id=6441125092 - 'You Tube Bot')
06.10.23 21:54:29| INFO  | 71 | aiogram.dispatcher | (dispatcher.py) | start_polling | dispatcher | (551 - Polling stopped)
06.10.23 21:54:29| INFO  | 71 | aiogram.dispatcher | (dispatcher.py) | _polling | dispatcher | (356 - Polling stopped for bot @you_tube_dowinload_bot id=6441125092 - 'You Tube Bot')
06.10.23 21:57:39| INFO  | 113 msec | aiogram.dispatcher | (dispatcher.py) | start_polling | dispatcher | (524 - Start polling) | (7412 MainProcess)
06.10.23 21:57:39| INFO  | 731 msec | aiogram.dispatcher | (dispatcher.py) | _polling | dispatcher | (340 - Run polling for bot @you_tube_dowinload_bot id=6441125092 - 'You Tube Bot') | (7412 MainProcess)
06.10.23 21:57:39| INFO  | 453 msec | aiogram.event | (dispatcher.py) | feed_update | dispatcher | (171 - Update id=386115838 is handled. Duration 578 ms by bot id=6441125092) | (7412 MainProcess)
06.10.23 21:57:39| INFO  | 304 msec | aiogram.dispatcher | (dispatcher.py) | start_polling | dispatcher | (551 - Polling stopped) | (7412 MainProcess)
06.10.23 21:57:39| INFO  | 320 msec | aiogram.dispatcher | (dispatcher.py) | _polling | dispatcher | (356 - Polling stopped for bot @you_tube_dowinload_bot id=6441125092 - 'You Tube Bot') | (7412 MainProcess)
